<?xml version="1.0" encoding="UTF-8"?>
<!-- Generated by org.testng.reporters.JUnitXMLReporter -->
<testsuite hostname="computer-PC" ignored="0" name="Google Test" tests="1" failures="1" timestamp="15 Sep 2022 03:53:57 GMT" time="18.243" errors="0">
  <testcase name="validateBing" time="18.221" classname="a1_sampleTest.GoogleTest">
    <failure type="org.openqa.selenium.SessionNotCreatedException" message="session not created
from tab crashed
  (Session info: chrome=105.0.5195.102)
Build info: version: &amp;apos;3.141.59&amp;apos;, revision: &amp;apos;e82be7d358&amp;apos;, time: &amp;apos;2018-11-14T08:17:03&amp;apos;
System info: host: &amp;apos;COMPUTER-PC&amp;apos;, ip: &amp;apos;192.168.1.162&amp;apos;, os.name: &amp;apos;Windows 7&amp;apos;, os.arch: &amp;apos;amd64&amp;apos;, os.version: &amp;apos;6.1&amp;apos;, java.version: &amp;apos;1.8.0_321&amp;apos;
Driver info: driver.version: ChromeDriver
remote stacktrace: Backtrace:
	Ordinal0 [0x00D9DF13+2219795]
	Ordinal0 [0x00D32841+1779777]
	Ordinal0 [0x00C44100+803072]
	Ordinal0 [0x00C37FC0+753600]
	Ordinal0 [0x00C37AF6+752374]
	Ordinal0 [0x00C3706A+749674]
	Ordinal0 [0x00C35F94+745364]
	Ordinal0 [0x00C363FD+746493]
	Ordinal0 [0x00C35BA5+744357]
	Ordinal0 [0x00C3FE53+786003]
	Ordinal0 [0x00C35B55+744277]
	Ordinal0 [0x00C36C06+748550]
	Ordinal0 [0x00C35F94+745364]
	Ordinal0 [0x00C363FD+746493]
	Ordinal0 [0x00C35BA5+744357]
	Ordinal0 [0x00C3DAF8+776952]
	Ordinal0 [0x00C35B55+744277]
	Ordinal0 [0x00C36C06+748550]
	Ordinal0 [0x00C35F94+745364]
	Ordinal0 [0x00C363FD+746493]
	Ordinal0 [0x00C35BA5+744357]
	Ordinal0 [0x00C3B522+767266]
	Ordinal0 [0x00C35B55+744277]
	Ordinal0 [0x00C36C06+748550]
	Ordinal0 [0x00C35F94+745364]
	Ordinal0 [0x00C363FD+746493]
	Ordinal0 [0x00C35BA5+744357]
	Ordinal0 [0x00C3146D+726125]
	Ordinal0 [0x00C35B55+744277]
	Ordinal0 [0x00C358C2+743618]
	Ordinal0 [0x00C355F9+742905]
	Ordinal0 [0x00C45610+808464]
	Ordinal0 [0x00C94770+1132400]
	Ordinal0 [0x00C9331A+1127194]
	Ordinal0 [0x00C8E616+1107478]
	Ordinal0 [0x00C67F89+950153]
	Ordinal0 [0x00C68F56+954198]
	GetHandleVerifier [0x01092CB2+3040210]
	GetHandleVerifier [0x01082BB4+2974420]
	GetHandleVerifier [0x00E36A0A+565546]
	GetHandleVerifier [0x00E35680+560544]
	Ordinal0 [0x00D39A5C+1808988]
	Ordinal0 [0x00D3E3A8+1827752]
	Ordinal0 [0x00D3E495+1827989]
	Ordinal0 [0x00D480A4+1867940]
	BaseThreadInitThunk [0x767A347D+18]
	RtlInitializeExceptionChain [0x77559852+99]
	RtlInitializeExceptionChain [0x77559825+54]
">
      <![CDATA[org.openqa.selenium.SessionNotCreatedException: session not created
from tab crashed
  (Session info: chrome=105.0.5195.102)
Build info: version: '3.141.59', revision: 'e82be7d358', time: '2018-11-14T08:17:03'
System info: host: 'COMPUTER-PC', ip: '192.168.1.162', os.name: 'Windows 7', os.arch: 'amd64', os.version: '6.1', java.version: '1.8.0_321'
Driver info: driver.version: ChromeDriver
remote stacktrace: Backtrace:
Ordinal0 [0x00D9DF13+2219795]
Ordinal0 [0x00D32841+1779777]
Ordinal0 [0x00C44100+803072]
Ordinal0 [0x00C37FC0+753600]
Ordinal0 [0x00C37AF6+752374]
Ordinal0 [0x00C3706A+749674]
Ordinal0 [0x00C35F94+745364]
Ordinal0 [0x00C363FD+746493]
Ordinal0 [0x00C35BA5+744357]
Ordinal0 [0x00C3FE53+786003]
Ordinal0 [0x00C35B55+744277]
Ordinal0 [0x00C36C06+748550]
Ordinal0 [0x00C35F94+745364]
Ordinal0 [0x00C363FD+746493]
Ordinal0 [0x00C35BA5+744357]
Ordinal0 [0x00C3DAF8+776952]
Ordinal0 [0x00C35B55+744277]
Ordinal0 [0x00C36C06+748550]
Ordinal0 [0x00C35F94+745364]
Ordinal0 [0x00C363FD+746493]
Ordinal0 [0x00C35BA5+744357]
Ordinal0 [0x00C3B522+767266]
Ordinal0 [0x00C35B55+744277]
Ordinal0 [0x00C36C06+748550]
Ordinal0 [0x00C35F94+745364]
Ordinal0 [0x00C363FD+746493]
Ordinal0 [0x00C35BA5+744357]
Ordinal0 [0x00C3146D+726125]
Ordinal0 [0x00C35B55+744277]
Ordinal0 [0x00C358C2+743618]
Ordinal0 [0x00C355F9+742905]
Ordinal0 [0x00C45610+808464]
Ordinal0 [0x00C94770+1132400]
Ordinal0 [0x00C9331A+1127194]
Ordinal0 [0x00C8E616+1107478]
Ordinal0 [0x00C67F89+950153]
Ordinal0 [0x00C68F56+954198]
GetHandleVerifier [0x01092CB2+3040210]
GetHandleVerifier [0x01082BB4+2974420]
GetHandleVerifier [0x00E36A0A+565546]
GetHandleVerifier [0x00E35680+560544]
Ordinal0 [0x00D39A5C+1808988]
Ordinal0 [0x00D3E3A8+1827752]
Ordinal0 [0x00D3E495+1827989]
Ordinal0 [0x00D480A4+1867940]
BaseThreadInitThunk [0x767A347D+18]
RtlInitializeExceptionChain [0x77559852+99]
RtlInitializeExceptionChain [0x77559825+54]

at org.openqa.selenium.remote.W3CHandshakeResponse.lambda$errorHandler$0(W3CHandshakeResponse.java:62)
at org.openqa.selenium.remote.HandshakeResponse.lambda$getResponseFunction$0(HandshakeResponse.java:30)
at org.openqa.selenium.remote.ProtocolHandshake.lambda$createSession$0(ProtocolHandshake.java:126)
at java.util.stream.ReferencePipeline$3$1.accept(Unknown Source)
at java.util.Spliterators$ArraySpliterator.tryAdvance(Unknown Source)
at java.util.stream.ReferencePipeline.forEachWithCancel(Unknown Source)
at java.util.stream.AbstractPipeline.copyIntoWithCancel(Unknown Source)
at java.util.stream.AbstractPipeline.copyInto(Unknown Source)
at java.util.stream.AbstractPipeline.wrapAndCopyInto(Unknown Source)
at java.util.stream.FindOps$FindOp.evaluateSequential(Unknown Source)
at java.util.stream.AbstractPipeline.evaluate(Unknown Source)
at java.util.stream.ReferencePipeline.findFirst(Unknown Source)
at org.openqa.selenium.remote.ProtocolHandshake.createSession(ProtocolHandshake.java:128)
at org.openqa.selenium.remote.ProtocolHandshake.createSession(ProtocolHandshake.java:74)
at org.openqa.selenium.remote.HttpCommandExecutor.execute(HttpCommandExecutor.java:136)
at org.openqa.selenium.remote.service.DriverCommandExecutor.execute(DriverCommandExecutor.java:83)
at org.openqa.selenium.remote.RemoteWebDriver.execute(RemoteWebDriver.java:552)
at org.openqa.selenium.remote.RemoteWebDriver.startSession(RemoteWebDriver.java:213)
at org.openqa.selenium.remote.RemoteWebDriver.<init>(RemoteWebDriver.java:131)
at org.openqa.selenium.chrome.ChromeDriver.<init>(ChromeDriver.java:181)
at org.openqa.selenium.chrome.ChromeDriver.<init>(ChromeDriver.java:168)
at org.openqa.selenium.chrome.ChromeDriver.<init>(ChromeDriver.java:123)
at a1_sampleTest.GoogleTest.validateBing(GoogleTest.java:21)
... Removed 30 stack frames]]>
    </failure>
  </testcase> <!-- validateBing -->
</testsuite> <!-- Google Test -->
