<html>
<head>
<title>TestNG:  Google Test</title>
<link href="../testng.css" rel="stylesheet" type="text/css" />
<link href="../my-testng.css" rel="stylesheet" type="text/css" />

<style type="text/css">
.log { display: none;} 
.stack-trace { display: none;} 
</style>
<script type="text/javascript">
<!--
function flip(e) {
  current = e.style.display;
  if (current == 'block') {
    e.style.display = 'none';
    return 0;
  }
  else {
    e.style.display = 'block';
    return 1;
  }
}

function toggleBox(szDivId, elem, msg1, msg2)
{
  var res = -1;  if (document.getElementById) {
    res = flip(document.getElementById(szDivId));
  }
  else if (document.all) {
    // this is the way old msie versions work
    res = flip(document.all[szDivId]);
  }
  if(elem) {
    if(res == 0) elem.innerHTML = msg1; else elem.innerHTML = msg2;
  }

}

function toggleAllBoxes() {
  if (document.getElementsByTagName) {
    d = document.getElementsByTagName('div');
    for (i = 0; i < d.length; i++) {
      if (d[i].className == 'log') {
        flip(d[i]);
      }
    }
  }
}

// -->
</script>

</head>
<body>
<h2 align='center'>Google Test</h2><table border='1' align="center">
<tr>
<td>Tests passed/Failed/Skipped:</td><td>0/1/0</td>
</tr><tr>
<td>Started on:</td><td>Thu Sep 15 09:23:39 IST 2022</td>
</tr>
<tr><td>Total time:</td><td>18 seconds (18243 ms)</td>
</tr><tr>
<td>Included groups:</td><td></td>
</tr><tr>
<td>Excluded groups:</td><td></td>
</tr>
</table><p/>
<small><i>(Hover the method name to see the test class name)</i></small><p/>
<table width='100%' border='1' class='invocation-failed'>
<tr><td colspan='4' align='center'><b>FAILED TESTS</b></td></tr>
<tr><td><b>Test method</b></td>
<td width="30%"><b>Exception</b></td>
<td width="10%"><b>Time (seconds)</b></td>
<td><b>Instance</b></td>
</tr>
<tr>
<td title='a1_sampleTest.GoogleTest.validateBing()'><b>validateBing</b><br>Test class: a1_sampleTest.GoogleTest</td>
<td><div><pre>org.openqa.selenium.SessionNotCreatedException: session not created
from tab crashed
  (Session info: chrome=105.0.5195.102)
Build info: version: &apos;3.141.59&apos;, revision: &apos;e82be7d358&apos;, time: &apos;2018-11-14T08:17:03&apos;
System info: host: &apos;COMPUTER-PC&apos;, ip: &apos;192.168.1.162&apos;, os.name: &apos;Windows 7&apos;, os.arch: &apos;amd64&apos;, os.version: &apos;6.1&apos;, java.version: &apos;1.8.0_321&apos;
Driver info: driver.version: ChromeDriver
remote stacktrace: Backtrace:
	Ordinal0 [0x00D9DF13+2219795]
	Ordinal0 [0x00D32841+1779777]
	Ordinal0 [0x00C44100+803072]
	Ordinal0 [0x00C37FC0+753600]
	Ordinal0 [0x00C37AF6+752374]
	Ordinal0 [0x00C3706A+749674]
	Ordinal0 [0x00C35F94+745364]
	Ordinal0 [0x00C363FD+746493]
	Ordinal0 [0x00C35BA5+744357]
	Ordinal0 [0x00C3FE53+786003]
	Ordinal0 [0x00C35B55+744277]
	Ordinal0 [0x00C36C06+748550]
	Ordinal0 [0x00C35F94+745364]
	Ordinal0 [0x00C363FD+746493]
	Ordinal0 [0x00C35BA5+744357]
	Ordinal0 [0x00C3DAF8+776952]
	Ordinal0 [0x00C35B55+744277]
	Ordinal0 [0x00C36C06+748550]
	Ordinal0 [0x00C35F94+745364]
	Ordinal0 [0x00C363FD+746493]
	Ordinal0 [0x00C35BA5+744357]
	Ordinal0 [0x00C3B522+767266]
	Ordinal0 [0x00C35B55+744277]
	Ordinal0 [0x00C36C06+748550]
	Ordinal0 [0x00C35F94+745364]
	Ordinal0 [0x00C363FD+746493]
	Ordinal0 [0x00C35BA5+744357]
	Ordinal0 [0x00C3146D+726125]
	Ordinal0 [0x00C35B55+744277]
	Ordinal0 [0x00C358C2+743618]
	Ordinal0 [0x00C355F9+742905]
	Ordinal0 [0x00C45610+808464]
	Ordinal0 [0x00C94770+1132400]
	Ordinal0 [0x00C9331A+1127194]
	Ordinal0 [0x00C8E616+1107478]
	Ordinal0 [0x00C67F89+950153]
	Ordinal0 [0x00C68F56+954198]
	GetHandleVerifier [0x01092CB2+3040210]
	GetHandleVerifier [0x01082BB4+2974420]
	GetHandleVerifier [0x00E36A0A+565546]
	GetHandleVerifier [0x00E35680+560544]
	Ordinal0 [0x00D39A5C+1808988]
	Ordinal0 [0x00D3E3A8+1827752]
	Ordinal0 [0x00D3E495+1827989]
	Ordinal0 [0x00D480A4+1867940]
	BaseThreadInitThunk [0x767A347D+18]
	RtlInitializeExceptionChain [0x77559852+99]
	RtlInitializeExceptionChain [0x77559825+54]

	at org.openqa.selenium.remote.W3CHandshakeResponse.lambda$errorHandler$0(W3CHandshakeResponse.java:62)
	at org.openqa.selenium.remote.HandshakeResponse.lambda$getResponseFunction$0(HandshakeResponse.java:30)
	at org.openqa.selenium.remote.ProtocolHandshake.lambda$createSession$0(ProtocolHandshake.java:126)
	at java.util.stream.ReferencePipeline$3$1.accept(Unknown Source)
	at java.util.Spliterators$ArraySpliterator.tryAdvance(Unknown Source)
	at java.util.stream.ReferencePipeline.forEachWithCancel(Unknown Source)
	at java.util.stream.AbstractPipeline.copyIntoWithCancel(Unknown Source)
	at java.util.stream.AbstractPipeline.copyInto(Unknown Source)
	at java.util.stream.AbstractPipeline.wrapAndCopyInto(Unknown Source)
	at java.util.stream.FindOps$FindOp.evaluateSequential(Unknown Source)
	at java.util.stream.AbstractPipeline.evaluate(Unknown Source)
	at java.util.stream.ReferencePipeline.findFirst(Unknown Source)
	at org.openqa.selenium.remote.ProtocolHandshake.createSession(ProtocolHandshake.java:128)
	at org.openqa.selenium.remote.ProtocolHandshake.createSession(ProtocolHandshake.java:74)
	at org.openqa.selenium.remote.HttpCommandExecutor.execute(HttpCommandExecutor.java:136)
	at org.openqa.selenium.remote.service.DriverCommandExecutor.execute(DriverCommandExecutor.java:83)
	at org.openqa.selenium.remote.RemoteWebDriver.execute(RemoteWebDriver.java:552)
	at org.openqa.selenium.remote.RemoteWebDriver.startSession(RemoteWebDriver.java:213)
	at org.openqa.selenium.remote.RemoteWebDriver.&lt;init&gt;(RemoteWebDriver.java:131)
	at org.openqa.selenium.chrome.ChromeDriver.&lt;init&gt;(ChromeDriver.java:181)
	at org.openqa.selenium.chrome.ChromeDriver.&lt;init&gt;(ChromeDriver.java:168)
	at org.openqa.selenium.chrome.ChromeDriver.&lt;init&gt;(ChromeDriver.java:123)
	at a1_sampleTest.GoogleTest.validateBing(GoogleTest.java:21)
... Removed 30 stack frames</pre></div><a href='#' onClick='toggleBox("stack-trace1152606315", this, "Click to show all stack frames", "Click to hide stack frames")'>Click to show all stack frames</a>
<div class='stack-trace' id='stack-trace1152606315'><pre>org.openqa.selenium.SessionNotCreatedException: session not created
from tab crashed
  (Session info: chrome=105.0.5195.102)
Build info: version: &apos;3.141.59&apos;, revision: &apos;e82be7d358&apos;, time: &apos;2018-11-14T08:17:03&apos;
System info: host: &apos;COMPUTER-PC&apos;, ip: &apos;192.168.1.162&apos;, os.name: &apos;Windows 7&apos;, os.arch: &apos;amd64&apos;, os.version: &apos;6.1&apos;, java.version: &apos;1.8.0_321&apos;
Driver info: driver.version: ChromeDriver
remote stacktrace: Backtrace:
	Ordinal0 [0x00D9DF13+2219795]
	Ordinal0 [0x00D32841+1779777]
	Ordinal0 [0x00C44100+803072]
	Ordinal0 [0x00C37FC0+753600]
	Ordinal0 [0x00C37AF6+752374]
	Ordinal0 [0x00C3706A+749674]
	Ordinal0 [0x00C35F94+745364]
	Ordinal0 [0x00C363FD+746493]
	Ordinal0 [0x00C35BA5+744357]
	Ordinal0 [0x00C3FE53+786003]
	Ordinal0 [0x00C35B55+744277]
	Ordinal0 [0x00C36C06+748550]
	Ordinal0 [0x00C35F94+745364]
	Ordinal0 [0x00C363FD+746493]
	Ordinal0 [0x00C35BA5+744357]
	Ordinal0 [0x00C3DAF8+776952]
	Ordinal0 [0x00C35B55+744277]
	Ordinal0 [0x00C36C06+748550]
	Ordinal0 [0x00C35F94+745364]
	Ordinal0 [0x00C363FD+746493]
	Ordinal0 [0x00C35BA5+744357]
	Ordinal0 [0x00C3B522+767266]
	Ordinal0 [0x00C35B55+744277]
	Ordinal0 [0x00C36C06+748550]
	Ordinal0 [0x00C35F94+745364]
	Ordinal0 [0x00C363FD+746493]
	Ordinal0 [0x00C35BA5+744357]
	Ordinal0 [0x00C3146D+726125]
	Ordinal0 [0x00C35B55+744277]
	Ordinal0 [0x00C358C2+743618]
	Ordinal0 [0x00C355F9+742905]
	Ordinal0 [0x00C45610+808464]
	Ordinal0 [0x00C94770+1132400]
	Ordinal0 [0x00C9331A+1127194]
	Ordinal0 [0x00C8E616+1107478]
	Ordinal0 [0x00C67F89+950153]
	Ordinal0 [0x00C68F56+954198]
	GetHandleVerifier [0x01092CB2+3040210]
	GetHandleVerifier [0x01082BB4+2974420]
	GetHandleVerifier [0x00E36A0A+565546]
	GetHandleVerifier [0x00E35680+560544]
	Ordinal0 [0x00D39A5C+1808988]
	Ordinal0 [0x00D3E3A8+1827752]
	Ordinal0 [0x00D3E495+1827989]
	Ordinal0 [0x00D480A4+1867940]
	BaseThreadInitThunk [0x767A347D+18]
	RtlInitializeExceptionChain [0x77559852+99]
	RtlInitializeExceptionChain [0x77559825+54]

	at sun.reflect.NativeConstructorAccessorImpl.newInstance0(Native Method)
	at sun.reflect.NativeConstructorAccessorImpl.newInstance(Unknown Source)
	at sun.reflect.DelegatingConstructorAccessorImpl.newInstance(Unknown Source)
	at java.lang.reflect.Constructor.newInstance(Unknown Source)
	at org.openqa.selenium.remote.W3CHandshakeResponse.lambda$errorHandler$0(W3CHandshakeResponse.java:62)
	at org.openqa.selenium.remote.HandshakeResponse.lambda$getResponseFunction$0(HandshakeResponse.java:30)
	at org.openqa.selenium.remote.ProtocolHandshake.lambda$createSession$0(ProtocolHandshake.java:126)
	at java.util.stream.ReferencePipeline$3$1.accept(Unknown Source)
	at java.util.Spliterators$ArraySpliterator.tryAdvance(Unknown Source)
	at java.util.stream.ReferencePipeline.forEachWithCancel(Unknown Source)
	at java.util.stream.AbstractPipeline.copyIntoWithCancel(Unknown Source)
	at java.util.stream.AbstractPipeline.copyInto(Unknown Source)
	at java.util.stream.AbstractPipeline.wrapAndCopyInto(Unknown Source)
	at java.util.stream.FindOps$FindOp.evaluateSequential(Unknown Source)
	at java.util.stream.AbstractPipeline.evaluate(Unknown Source)
	at java.util.stream.ReferencePipeline.findFirst(Unknown Source)
	at org.openqa.selenium.remote.ProtocolHandshake.createSession(ProtocolHandshake.java:128)
	at org.openqa.selenium.remote.ProtocolHandshake.createSession(ProtocolHandshake.java:74)
	at org.openqa.selenium.remote.HttpCommandExecutor.execute(HttpCommandExecutor.java:136)
	at org.openqa.selenium.remote.service.DriverCommandExecutor.execute(DriverCommandExecutor.java:83)
	at org.openqa.selenium.remote.RemoteWebDriver.execute(RemoteWebDriver.java:552)
	at org.openqa.selenium.remote.RemoteWebDriver.startSession(RemoteWebDriver.java:213)
	at org.openqa.selenium.remote.RemoteWebDriver.&lt;init&gt;(RemoteWebDriver.java:131)
	at org.openqa.selenium.chrome.ChromeDriver.&lt;init&gt;(ChromeDriver.java:181)
	at org.openqa.selenium.chrome.ChromeDriver.&lt;init&gt;(ChromeDriver.java:168)
	at org.openqa.selenium.chrome.ChromeDriver.&lt;init&gt;(ChromeDriver.java:123)
	at a1_sampleTest.GoogleTest.validateBing(GoogleTest.java:21)
	at sun.reflect.NativeMethodAccessorImpl.invoke0(Native Method)
	at sun.reflect.NativeMethodAccessorImpl.invoke(Unknown Source)
	at sun.reflect.DelegatingMethodAccessorImpl.invoke(Unknown Source)
	at java.lang.reflect.Method.invoke(Unknown Source)
	at org.testng.internal.MethodInvocationHelper.invokeMethod(MethodInvocationHelper.java:124)
	at org.testng.internal.Invoker.invokeMethod(Invoker.java:583)
	at org.testng.internal.Invoker.invokeTestMethod(Invoker.java:719)
	at org.testng.internal.Invoker.invokeTestMethods(Invoker.java:989)
	at org.testng.internal.TestMethodWorker.invokeTestMethods(TestMethodWorker.java:125)
	at org.testng.internal.TestMethodWorker.run(TestMethodWorker.java:109)
	at org.testng.TestRunner.privateRun(TestRunner.java:648)
	at org.testng.TestRunner.run(TestRunner.java:505)
	at org.testng.SuiteRunner.runTest(SuiteRunner.java:455)
	at org.testng.SuiteRunner.runSequentially(SuiteRunner.java:450)
	at org.testng.SuiteRunner.privateRun(SuiteRunner.java:415)
	at org.testng.SuiteRunner.run(SuiteRunner.java:364)
	at org.testng.SuiteRunnerWorker.runSuite(SuiteRunnerWorker.java:52)
	at org.testng.SuiteRunnerWorker.run(SuiteRunnerWorker.java:84)
	at org.testng.TestNG.runSuitesSequentially(TestNG.java:1208)
	at org.testng.TestNG.runSuitesSequentially(TestNG.java:1204)
	at org.testng.TestNG.runSuitesLocally(TestNG.java:1137)
	at org.testng.TestNG.runSuites(TestNG.java:1049)
	at org.testng.TestNG.run(TestNG.java:1017)
	at org.testng.remote.AbstractRemoteTestNG.run(AbstractRemoteTestNG.java:114)
	at org.testng.remote.RemoteTestNG.initAndRun(RemoteTestNG.java:251)
	at org.testng.remote.RemoteTestNG.main(RemoteTestNG.java:77)
</pre></div></td>
<td>18</td>
<td>a1_sampleTest.GoogleTest@553f17c</td></tr>
</table><p>
</body>
</html>