<!DOCTYPE html PUBLIC "-//W3C//DTD XHTML 1.1//EN" "http://www.w3.org/TR/xhtml11/DTD/xhtml11.dtd">
<html xmlns="http://www.w3.org/1999/xhtml">
<head>
<meta http-equiv="content-type" content="text/html; charset=UTF-8"/>
<title>TestNG Report</title>
<style type="text/css">table {margin-bottom:10px;border-collapse:collapse;empty-cells:show}th,td {border:1px solid #009;padding:.25em .5em}th {vertical-align:bottom}td {vertical-align:top}table a {font-weight:bold}.stripe td {background-color: #E6EBF9}.num {text-align:right}.passedodd td {background-color: #3F3}.passedeven td {background-color: #0A0}.skippedodd td {background-color: #DDD}.skippedeven td {background-color: #CCC}.failedodd td,.attn {background-color: #F33}.failedeven td,.stripe .attn {background-color: #D00}.stacktrace {white-space:pre;font-family:monospace}.totop {font-size:85%;text-align:center;border-bottom:2px solid #000}.invisible {display:none}</style>
</head>
<body>
<table>
<tr><th>Test</th><th># Passed</th><th># Skipped</th><th># Failed</th><th>Time (ms)</th><th>Included Groups</th><th>Excluded Groups</th></tr>
<tr><th colspan="7">Google Suite</th></tr>
<tr><td><a href="#t0">Google Test</a></td><td class="num">0</td><td class="num">0</td><td class="num attn">1</td><td class="num">18,243</td><td></td><td></td></tr>
<tr><th colspan="7">allSuites</th></tr>
<tr><th colspan="7">Bing Suite</th></tr>
<tr class="stripe"><td><a href="#t1">Bing Test</a></td><td class="num">0</td><td class="num">0</td><td class="num attn">1</td><td class="num">31,379</td><td></td><td></td></tr>
<tr><th>Total</th><th class="num">0</th><th class="num">0</th><th class="num attn">2</th><th class="num">49,622</th><th colspan="2"></th></tr>
</table>
<table id='summary'><thead><tr><th>Class</th><th>Method</th><th>Start</th><th>Time (ms)</th></tr></thead><tbody><tr><th colspan="4">Google Suite</th></tr></tbody><tbody id="t0"><tr><th colspan="4">Google Test &#8212; failed</th></tr><tr class="failedeven"><td rowspan="1">a1_sampleTest.GoogleTest</td><td><a href="#m0">validateBing</a></td><td rowspan="1">1663214019084</td><td rowspan="1">18221</td></tr></tbody>
<tbody><tr><th colspan="4">allSuites</th></tr></tbody><tbody><tr><th colspan="4">Bing Suite</th></tr></tbody><tbody id="t1"><tr><th colspan="4">Bing Test &#8212; failed</th></tr><tr class="failedeven"><td rowspan="1">a1_sampleTest.BingTest</td><td><a href="#m1">validateBing</a></td><td rowspan="1">1663213987086</td><td rowspan="1">31292</td></tr></tbody>
</table>
<h2>Google Test</h2><h3 id="m0">a1_sampleTest.GoogleTest#validateBing</h3><table class="result"><tr><th>Exception</th></tr><tr><td><div class="stacktrace">org.openqa.selenium.SessionNotCreatedException: session not created
from tab crashed
  (Session info: chrome=105.0.5195.102)
Build info: version: &apos;3.141.59&apos;, revision: &apos;e82be7d358&apos;, time: &apos;2018-11-14T08:17:03&apos;
System info: host: &apos;COMPUTER-PC&apos;, ip: &apos;192.168.1.162&apos;, os.name: &apos;Windows 7&apos;, os.arch: &apos;amd64&apos;, os.version: &apos;6.1&apos;, java.version: &apos;1.8.0_321&apos;
Driver info: driver.version: ChromeDriver
remote stacktrace: Backtrace:
	Ordinal0 [0x00D9DF13+2219795]
	Ordinal0 [0x00D32841+1779777]
	Ordinal0 [0x00C44100+803072]
	Ordinal0 [0x00C37FC0+753600]
	Ordinal0 [0x00C37AF6+752374]
	Ordinal0 [0x00C3706A+749674]
	Ordinal0 [0x00C35F94+745364]
	Ordinal0 [0x00C363FD+746493]
	Ordinal0 [0x00C35BA5+744357]
	Ordinal0 [0x00C3FE53+786003]
	Ordinal0 [0x00C35B55+744277]
	Ordinal0 [0x00C36C06+748550]
	Ordinal0 [0x00C35F94+745364]
	Ordinal0 [0x00C363FD+746493]
	Ordinal0 [0x00C35BA5+744357]
	Ordinal0 [0x00C3DAF8+776952]
	Ordinal0 [0x00C35B55+744277]
	Ordinal0 [0x00C36C06+748550]
	Ordinal0 [0x00C35F94+745364]
	Ordinal0 [0x00C363FD+746493]
	Ordinal0 [0x00C35BA5+744357]
	Ordinal0 [0x00C3B522+767266]
	Ordinal0 [0x00C35B55+744277]
	Ordinal0 [0x00C36C06+748550]
	Ordinal0 [0x00C35F94+745364]
	Ordinal0 [0x00C363FD+746493]
	Ordinal0 [0x00C35BA5+744357]
	Ordinal0 [0x00C3146D+726125]
	Ordinal0 [0x00C35B55+744277]
	Ordinal0 [0x00C358C2+743618]
	Ordinal0 [0x00C355F9+742905]
	Ordinal0 [0x00C45610+808464]
	Ordinal0 [0x00C94770+1132400]
	Ordinal0 [0x00C9331A+1127194]
	Ordinal0 [0x00C8E616+1107478]
	Ordinal0 [0x00C67F89+950153]
	Ordinal0 [0x00C68F56+954198]
	GetHandleVerifier [0x01092CB2+3040210]
	GetHandleVerifier [0x01082BB4+2974420]
	GetHandleVerifier [0x00E36A0A+565546]
	GetHandleVerifier [0x00E35680+560544]
	Ordinal0 [0x00D39A5C+1808988]
	Ordinal0 [0x00D3E3A8+1827752]
	Ordinal0 [0x00D3E495+1827989]
	Ordinal0 [0x00D480A4+1867940]
	BaseThreadInitThunk [0x767A347D+18]
	RtlInitializeExceptionChain [0x77559852+99]
	RtlInitializeExceptionChain [0x77559825+54]

	at org.openqa.selenium.remote.W3CHandshakeResponse.lambda$errorHandler$0(W3CHandshakeResponse.java:62)
	at org.openqa.selenium.remote.HandshakeResponse.lambda$getResponseFunction$0(HandshakeResponse.java:30)
	at org.openqa.selenium.remote.ProtocolHandshake.lambda$createSession$0(ProtocolHandshake.java:126)
	at java.util.stream.ReferencePipeline$3$1.accept(Unknown Source)
	at java.util.Spliterators$ArraySpliterator.tryAdvance(Unknown Source)
	at java.util.stream.ReferencePipeline.forEachWithCancel(Unknown Source)
	at java.util.stream.AbstractPipeline.copyIntoWithCancel(Unknown Source)
	at java.util.stream.AbstractPipeline.copyInto(Unknown Source)
	at java.util.stream.AbstractPipeline.wrapAndCopyInto(Unknown Source)
	at java.util.stream.FindOps$FindOp.evaluateSequential(Unknown Source)
	at java.util.stream.AbstractPipeline.evaluate(Unknown Source)
	at java.util.stream.ReferencePipeline.findFirst(Unknown Source)
	at org.openqa.selenium.remote.ProtocolHandshake.createSession(ProtocolHandshake.java:128)
	at org.openqa.selenium.remote.ProtocolHandshake.createSession(ProtocolHandshake.java:74)
	at org.openqa.selenium.remote.HttpCommandExecutor.execute(HttpCommandExecutor.java:136)
	at org.openqa.selenium.remote.service.DriverCommandExecutor.execute(DriverCommandExecutor.java:83)
	at org.openqa.selenium.remote.RemoteWebDriver.execute(RemoteWebDriver.java:552)
	at org.openqa.selenium.remote.RemoteWebDriver.startSession(RemoteWebDriver.java:213)
	at org.openqa.selenium.remote.RemoteWebDriver.&lt;init&gt;(RemoteWebDriver.java:131)
	at org.openqa.selenium.chrome.ChromeDriver.&lt;init&gt;(ChromeDriver.java:181)
	at org.openqa.selenium.chrome.ChromeDriver.&lt;init&gt;(ChromeDriver.java:168)
	at org.openqa.selenium.chrome.ChromeDriver.&lt;init&gt;(ChromeDriver.java:123)
	at a1_sampleTest.GoogleTest.validateBing(GoogleTest.java:21)
... Removed 30 stack frames</div></td></tr></table><p class="totop"><a href="#summary">back to summary</a></p>
<h2>Bing Test</h2><h3 id="m1">a1_sampleTest.BingTest#validateBing</h3><table class="result"><tr><th>Exception</th></tr><tr><td><div class="stacktrace">java.io.FileNotFoundException: D:\eclips workspace\E1_Git\screenshot\bing.png (The system cannot find the path specified)
	at java.io.FileOutputStream.open0(Native Method)
	at java.io.FileOutputStream.open(Unknown Source)
	at java.io.FileOutputStream.&lt;init&gt;(Unknown Source)
	at java.io.FileOutputStream.&lt;init&gt;(Unknown Source)
	at org.openqa.selenium.io.FileHandler.copyFile(FileHandler.java:138)
	at org.openqa.selenium.io.FileHandler.copy(FileHandler.java:117)
	at a1_sampleTest.BingTest.validateBing(BingTest.java:27)
... Removed 26 stack frames</div></td></tr></table><p class="totop"><a href="#summary">back to summary</a></p>
</body>
</html>
